Open5GS daemon v2.6.4-94-g05ed95d

09/11 12:46:55.061: [app] INFO: Configuration: '/home/izi-tel/open5gs/install/etc/open5gs/nrf.yaml' (../lib/app/ogs-init.c:126)
09/11 12:46:55.061: [app] INFO: File Logging: '/home/izi-tel/open5gs/install/var/log/open5gs/nrf.log' (../lib/app/ogs-init.c:129)
09/11 12:46:55.063: [sbi] INFO: nghttp2_server() [http://127.0.0.10]:7777 (../lib/sbi/nghttp2-server.c:395)
09/11 12:46:55.064: [sbi] INFO: nghttp2_server() [http://::1]:7777 (../lib/sbi/nghttp2-server.c:395)
09/11 12:46:55.064: [app] INFO: NRF initialize...done (../src/nrf/app.c:31)
09/11 12:47:52.077: [nrf] INFO: [b3ad84a4-507b-41ee-adcd-bd6ab2b2dac4] NF registered [Heartbeat:10s] (../src/nrf/nf-sm.c:190)
09/11 12:47:52.077: [nrf] INFO: [b3add9b8-507b-41ee-af21-f76015a7a0c1] Subscription created until 2023-09-12T12:47:52.077898+04:30 [validity_duration:86400] (../src/nrf/nnrf-handler.c:361)
09/11 12:47:52.078: [nrf] INFO: [b3ade7a0-507b-41ee-af21-f76015a7a0c1] Subscription created until 2023-09-12T12:47:52.078237+04:30 [validity_duration:86400] (../src/nrf/nnrf-handler.c:361)
09/11 12:47:52.078: [nrf] INFO: [b3adec3c-507b-41ee-af21-f76015a7a0c1] Subscription created until 2023-09-12T12:47:52.078355+04:30 [validity_duration:86400] (../src/nrf/nnrf-handler.c:361)
09/11 12:47:52.078: [nrf] INFO: [b3adfd6c-507b-41ee-af21-f76015a7a0c1] Subscription created until 2023-09-12T12:47:52.078792+04:30 [validity_duration:86400] (../src/nrf/nnrf-handler.c:361)
09/11 12:47:52.078: [nrf] INFO: [b3ae0096-507b-41ee-af21-f76015a7a0c1] Subscription created until 2023-09-12T12:47:52.078870+04:30 [validity_duration:86400] (../src/nrf/nnrf-handler.c:361)
09/11 12:47:52.078: [nrf] INFO: [b3ae03f2-507b-41ee-af21-f76015a7a0c1] Subscription created until 2023-09-12T12:47:52.078956+04:30 [validity_duration:86400] (../src/nrf/nnrf-handler.c:361)
09/11 12:47:52.079: [nrf] INFO: [b3ae0744-507b-41ee-af21-f76015a7a0c1] Subscription created until 2023-09-12T12:47:52.079041+04:30 [validity_duration:86400] (../src/nrf/nnrf-handler.c:361)
09/11 12:47:52.079: [nrf] INFO: [b3ae0a64-507b-41ee-af21-f76015a7a0c1] Subscription created until 2023-09-12T12:47:52.079120+04:30 [validity_duration:86400] (../src/nrf/nnrf-handler.c:361)
09/11 12:48:04.871: [app] INFO: Signal-NUM[28] received (Window changed) (../src/main.c:63)
09/11 12:48:04.886: [app] INFO: Signal-NUM[28] received (Window changed) (../src/main.c:63)
09/11 12:48:06.860: [app] INFO: SIGINT received (../src/main.c:53)
09/11 12:48:06.860: [app] INFO: Open5GS daemon terminating... (../src/main.c:226)
09/11 12:48:06.861: [nrf] INFO: [b3ad84a4-507b-41ee-adcd-bd6ab2b2dac4] NF de-registered (../src/nrf/nf-sm.c:205)
09/11 12:48:06.862: [app] INFO: NRF terminate...done (../src/nrf/app.c:39)
