Open5GS daemon v2.6.4-94-g05ed95d

09/11 12:47:52.073: [app] INFO: Configuration: '/home/izi-tel/open5gs/install/etc/open5gs/scp.yaml' (../lib/app/ogs-init.c:126)
09/11 12:47:52.073: [app] INFO: File Logging: '/home/izi-tel/open5gs/install/var/log/open5gs/scp.log' (../lib/app/ogs-init.c:129)
09/11 12:47:52.076: [sbi] INFO: nghttp2_server() [http://127.0.1.10]:7777 (../lib/sbi/nghttp2-server.c:395)
09/11 12:47:52.076: [app] INFO: SCP initialize...done (../src/scp/app.c:31)
09/11 12:47:52.077: [sbi] INFO: [b3ad84a4-507b-41ee-adcd-bd6ab2b2dac4] NF registered [Heartbeat:10s] (../lib/sbi/nf-sm.c:214)
09/11 12:47:52.078: [sbi] INFO: [b3add9b8-507b-41ee-af21-f76015a7a0c1] Subscription created until 2023-09-12T12:47:52.077898+04:30 [duration:86400,validity:86399.999185,patch:43199.999592] (../lib/sbi/nnrf-handler.c:509)
09/11 12:47:52.079: [sbi] INFO: [b3ade7a0-507b-41ee-af21-f76015a7a0c1] Subscription created until 2023-09-12T12:47:52.078237+04:30 [duration:86400,validity:86399.998890,patch:43199.999445] (../lib/sbi/nnrf-handler.c:509)
09/11 12:47:52.079: [sbi] INFO: [b3adec3c-507b-41ee-af21-f76015a7a0c1] Subscription created until 2023-09-12T12:47:52.078355+04:30 [duration:86400,validity:86399.998771,patch:43199.999385] (../lib/sbi/nnrf-handler.c:509)
09/11 12:47:52.079: [sbi] INFO: [b3adfd6c-507b-41ee-af21-f76015a7a0c1] Subscription created until 2023-09-12T12:47:52.078792+04:30 [duration:86400,validity:86399.998990,patch:43199.999495] (../lib/sbi/nnrf-handler.c:509)
09/11 12:47:52.080: [sbi] INFO: [b3ae0096-507b-41ee-af21-f76015a7a0c1] Subscription created until 2023-09-12T12:47:52.078870+04:30 [duration:86400,validity:86399.998847,patch:43199.999423] (../lib/sbi/nnrf-handler.c:509)
09/11 12:47:52.080: [sbi] INFO: [b3ae03f2-507b-41ee-af21-f76015a7a0c1] Subscription created until 2023-09-12T12:47:52.078956+04:30 [duration:86400,validity:86399.998718,patch:43199.999359] (../lib/sbi/nnrf-handler.c:509)
09/11 12:47:52.080: [sbi] INFO: [b3ae0744-507b-41ee-af21-f76015a7a0c1] Subscription created until 2023-09-12T12:47:52.079041+04:30 [duration:86400,validity:86399.998592,patch:43199.999296] (../lib/sbi/nnrf-handler.c:509)
09/11 12:47:52.080: [sbi] INFO: [b3ae0a64-507b-41ee-af21-f76015a7a0c1] Subscription created until 2023-09-12T12:47:52.079120+04:30 [duration:86400,validity:86399.998448,patch:43199.999224] (../lib/sbi/nnrf-handler.c:509)
09/11 12:48:02.185: [app] INFO: SIGHUP received (../src/main.c:58)
09/11 12:48:12.093: [sbi] WARNING: [7] Failed to connect to ::1 port 7777: Connection refused (../lib/sbi/client.c:626)
09/11 12:48:12.093: [sbi] WARNING: ogs_sbi_client_handler() failed [-1] (../lib/sbi/path.c:59)
09/11 12:48:13.088: [sbi] ERROR: [b3ad84a4-507b-41ee-adcd-bd6ab2b2dac4:SCP] No heartbeat (../lib/sbi/nf-sm.c:307)
09/11 12:48:13.088: [sbi] INFO: [b3ad84a4-507b-41ee-adcd-bd6ab2b2dac4] NF de-registered (../lib/sbi/nf-sm.c:240)
09/11 12:48:13.090: [sbi] WARNING: [7] Failed to connect to ::1 port 7777: Connection refused (../lib/sbi/client.c:626)
09/11 12:48:13.090: [sbi] WARNING: ogs_sbi_client_handler() failed [-1] (../lib/sbi/path.c:59)
09/11 12:48:13.090: [sbi] WARNING: [7] Failed to connect to ::1 port 7777: Connection refused (../lib/sbi/client.c:626)
09/11 12:48:13.090: [sbi] WARNING: ogs_sbi_client_handler() failed [-1] (../lib/sbi/path.c:59)
09/11 12:48:24.097: [sbi] WARNING: [b3ad84a4-507b-41ee-adcd-bd6ab2b2dac4] Retry to registration with NRF (../lib/sbi/nf-sm.c:175)
09/11 12:48:24.097: [sbi] WARNING: [7] Failed to connect to ::1 port 7777: Connection refused (../lib/sbi/client.c:626)
09/11 12:48:24.097: [sbi] WARNING: ogs_sbi_client_handler() failed [-1] (../lib/sbi/path.c:59)
09/11 12:48:35.105: [sbi] WARNING: [b3ad84a4-507b-41ee-adcd-bd6ab2b2dac4] Retry to registration with NRF (../lib/sbi/nf-sm.c:175)
09/11 12:48:35.105: [sbi] WARNING: [7] Failed to connect to ::1 port 7777: Connection refused (../lib/sbi/client.c:626)
09/11 12:48:35.105: [sbi] WARNING: ogs_sbi_client_handler() failed [-1] (../lib/sbi/path.c:59)
09/11 12:48:46.115: [sbi] WARNING: [b3ad84a4-507b-41ee-adcd-bd6ab2b2dac4] Retry to registration with NRF (../lib/sbi/nf-sm.c:175)
09/11 12:48:46.115: [sbi] WARNING: [7] Failed to connect to ::1 port 7777: Connection refused (../lib/sbi/client.c:626)
09/11 12:48:46.115: [sbi] WARNING: ogs_sbi_client_handler() failed [-1] (../lib/sbi/path.c:59)
09/11 12:48:57.125: [sbi] WARNING: [b3ad84a4-507b-41ee-adcd-bd6ab2b2dac4] Retry to registration with NRF (../lib/sbi/nf-sm.c:175)
09/11 12:48:57.127: [sbi] WARNING: [56] Recv failure: Connection reset by peer (../lib/sbi/client.c:626)
09/11 12:48:57.127: [sbi] WARNING: ogs_sbi_client_handler() failed [-1] (../lib/sbi/path.c:59)
09/11 12:49:08.137: [sbi] WARNING: [b3ad84a4-507b-41ee-adcd-bd6ab2b2dac4] Retry to registration with NRF (../lib/sbi/nf-sm.c:175)
09/11 12:49:08.137: [sbi] WARNING: [7] Failed to connect to ::1 port 7777: Connection refused (../lib/sbi/client.c:626)
09/11 12:49:08.137: [sbi] WARNING: ogs_sbi_client_handler() failed [-1] (../lib/sbi/path.c:59)
09/11 12:49:19.145: [sbi] WARNING: [b3ad84a4-507b-41ee-adcd-bd6ab2b2dac4] Retry to registration with NRF (../lib/sbi/nf-sm.c:175)
09/11 12:49:19.145: [sbi] WARNING: [7] Failed to connect to ::1 port 7777: Connection refused (../lib/sbi/client.c:626)
09/11 12:49:19.145: [sbi] WARNING: ogs_sbi_client_handler() failed [-1] (../lib/sbi/path.c:59)
09/11 12:49:30.153: [sbi] WARNING: [b3ad84a4-507b-41ee-adcd-bd6ab2b2dac4] Retry to registration with NRF (../lib/sbi/nf-sm.c:175)
09/11 12:49:30.154: [sbi] WARNING: [7] Failed to connect to ::1 port 7777: Connection refused (../lib/sbi/client.c:626)
09/11 12:49:30.154: [sbi] WARNING: ogs_sbi_client_handler() failed [-1] (../lib/sbi/path.c:59)
09/11 12:49:41.161: [sbi] WARNING: [b3ad84a4-507b-41ee-adcd-bd6ab2b2dac4] Retry to registration with NRF (../lib/sbi/nf-sm.c:175)
09/11 12:49:41.161: [sbi] WARNING: [7] Failed to connect to ::1 port 7777: Connection refused (../lib/sbi/client.c:626)
09/11 12:49:41.161: [sbi] WARNING: ogs_sbi_client_handler() failed [-1] (../lib/sbi/path.c:59)
09/11 12:49:52.169: [sbi] WARNING: [b3ad84a4-507b-41ee-adcd-bd6ab2b2dac4] Retry to registration with NRF (../lib/sbi/nf-sm.c:175)
09/11 12:49:52.169: [sbi] WARNING: [7] Failed to connect to ::1 port 7777: Connection refused (../lib/sbi/client.c:626)
09/11 12:49:52.169: [sbi] WARNING: ogs_sbi_client_handler() failed [-1] (../lib/sbi/path.c:59)
09/11 12:50:03.178: [sbi] WARNING: [b3ad84a4-507b-41ee-adcd-bd6ab2b2dac4] Retry to registration with NRF (../lib/sbi/nf-sm.c:175)
09/11 12:50:03.179: [sbi] WARNING: [7] Failed to connect to ::1 port 7777: Connection refused (../lib/sbi/client.c:626)
09/11 12:50:03.179: [sbi] WARNING: ogs_sbi_client_handler() failed [-1] (../lib/sbi/path.c:59)
09/11 12:50:14.189: [sbi] WARNING: [b3ad84a4-507b-41ee-adcd-bd6ab2b2dac4] Retry to registration with NRF (../lib/sbi/nf-sm.c:175)
09/11 12:50:14.189: [sbi] WARNING: [7] Failed to connect to ::1 port 7777: Connection refused (../lib/sbi/client.c:626)
09/11 12:50:14.189: [sbi] WARNING: ogs_sbi_client_handler() failed [-1] (../lib/sbi/path.c:59)
09/11 12:50:25.198: [sbi] WARNING: [b3ad84a4-507b-41ee-adcd-bd6ab2b2dac4] Retry to registration with NRF (../lib/sbi/nf-sm.c:175)
09/11 12:50:25.198: [sbi] WARNING: [7] Failed to connect to ::1 port 7777: Connection refused (../lib/sbi/client.c:626)
09/11 12:50:25.198: [sbi] WARNING: ogs_sbi_client_handler() failed [-1] (../lib/sbi/path.c:59)
09/11 12:50:36.209: [sbi] WARNING: [b3ad84a4-507b-41ee-adcd-bd6ab2b2dac4] Retry to registration with NRF (../lib/sbi/nf-sm.c:175)
09/11 12:50:36.209: [sbi] WARNING: [7] Failed to connect to ::1 port 7777: Connection refused (../lib/sbi/client.c:626)
09/11 12:50:36.209: [sbi] WARNING: ogs_sbi_client_handler() failed [-1] (../lib/sbi/path.c:59)
09/11 12:50:47.218: [sbi] WARNING: [b3ad84a4-507b-41ee-adcd-bd6ab2b2dac4] Retry to registration with NRF (../lib/sbi/nf-sm.c:175)
09/11 12:50:47.218: [sbi] WARNING: [7] Failed to connect to ::1 port 7777: Connection refused (../lib/sbi/client.c:626)
09/11 12:50:47.218: [sbi] WARNING: ogs_sbi_client_handler() failed [-1] (../lib/sbi/path.c:59)
